<?xml version="1.0" encoding="UTF-8"?>
<!-- Generated by org.testng.reporters.JUnitReportReporter -->
<testsuite skipped="1" hostname="veravalli-PC" name="RGC.RGCProject.RGCLoginTest" tests="2" failures="0" timestamp="12 Aug 2019 15:29:22 GMT" time="3.639" errors="0">
  <testcase name="RGC_Login" time="3.639" classname="RGC.RGCProject.RGCLoginTest"/>
  <testcase name="RGC_Recharge" classname="RGC.RGCProject.RGCLoginTest">
    <skipped/>
  </testcase> <!-- RGC_Recharge -->
</testsuite> <!-- RGC.RGCProject.RGCLoginTest -->
